2025-05-03 00:07:08 - DEBUG - riley2 - load_config - Loaded test configuration from C:\dev\Riley2\tests\config\mocks\calendar_events.json
2025-05-03 00:07:08 - DEBUG - riley2 - load_config - Loaded test configuration from C:\dev\Riley2\tests\config\mocks\email_data.json
2025-05-03 00:07:08 - DEBUG - riley2 - load_config - Loaded test configuration from C:\dev\Riley2\tests\config\mocks\knowledge_base.json
2025-05-03 00:07:08 - INFO - riley2 - initialize_test_configs - Test configurations loaded and validated successfully
2025-05-03 00:07:08 - INFO - riley2 - log_test_step - [TEST: test_reasoning_queries] Testing reasoning with query: 'When am I going to Italy?'
2025-05-03 00:07:08 - DEBUG - riley2 - load_config - Loaded test configuration from C:\dev\Riley2\tests\config\mocks\calendar_events.json
2025-05-03 00:07:08 - DEBUG - riley2 - __init__ - Initialized CalendarAgentMock with 6 events from config
2025-05-03 00:07:08 - INFO - riley2 - log_agent_interaction - [Test - InputQuery] >>> When am I going to Italy?
2025-05-03 00:07:08 - INFO - riley2 - log_agent_interaction - [BackendManager - Reasoner] >>> Processing question: 'When am I going to Italy?'
2025-05-03 00:07:08 - INFO - riley2 - log_agent_interaction - [BackendManager - CalendarSearch] >>> Searching April 2025 for Italy events
2025-05-03 00:07:08 - DEBUG - riley2 - calendar_scan - Mock: Scanning calendar from 2025/04/01 to 2025/04/30 with query: italy
2025-05-03 00:07:08 - DEBUG - riley2 - load_config - Loaded test configuration from C:\dev\Riley2\tests\config\mocks\calendar_events.json
2025-05-03 00:07:08 - INFO - riley2 - calendar_scan - Mock: Found 0 calendar events matching criteria
2025-05-03 00:07:08 - INFO - riley2 - log_agent_interaction - [CalendarAgent - EventResult] >>> No matching events found.
2025-05-03 00:07:08 - INFO - riley2 - log_agent_interaction - [BackendManager - CalendarSearch] >>> No Italy events in April. Searching May 2025
2025-05-03 00:07:08 - DEBUG - riley2 - calendar_scan - Mock: Scanning calendar from 2025/05/01 to 2025/05/31 with query: italy
2025-05-03 00:07:08 - DEBUG - riley2 - load_config - Loaded test configuration from C:\dev\Riley2\tests\config\mocks\calendar_events.json
2025-05-03 00:07:08 - INFO - riley2 - calendar_scan - Mock: Found 1 calendar events matching criteria
2025-05-03 00:07:08 - INFO - riley2 - log_agent_interaction - [CalendarAgent - EventResult] >>> Found events: [{'title': 'Holiday Italy', 'date': '2025/05/15', 'all_day': True, 'end_date': '2025/05/25', 'location': 'Rome, Italy', 'description': 'Annual vacation - booked flights and hotel'}]
2025-05-03 00:07:08 - INFO - riley2 - log_agent_interaction - [BackendManager - DecisionMade] >>> Found Italy event in May
2025-05-03 00:07:08 - INFO - riley2 - log_agent_interaction - [Test - OutputResponse] >>> 15052025
2025-05-03 00:07:08 - INFO - riley2 - log_test_success - [TEST PASSED] test_reasoning_queries[When am I going to Italy?]
